The system is: Windows - 10.0.18362 - AMD64
Compiling the C compiler identification source file "CMakeCCompilerId.c" succeeded.
Compiler: C:/Program Files/mingw-w64/x86_64-7.2.0-posix-seh-rt_v5-rev1/mingw64/bin/gcc.exe 
Build flags: 
Id flags:  

The output was:
0


Compilation of the C compiler identification source "CMakeCCompilerId.c" produced "a.exe"

The C compiler identification is GNU, found in "C:/Users/emanu/Documents/School/UTD S20/Machine Learning/HW4/Machine-Learning-Homework4/Naive/cmake-build-debug/CMakeFiles/3.9.6/CompilerIdC/a.exe"

Compiling the CXX compiler identification source file "CMakeCXXCompilerId.cpp" succeeded.
Compiler: C:/Program Files/mingw-w64/x86_64-7.2.0-posix-seh-rt_v5-rev1/mingw64/bin/g++.exe 
Build flags: 
Id flags:  

The output was:
0


Compilation of the CXX compiler identification source "CMakeCXXCompilerId.cpp" produced "a.exe"

The CXX compiler identification is GNU, found in "C:/Users/emanu/Documents/School/UTD S20/Machine Learning/HW4/Machine-Learning-Homework4/Naive/cmake-build-debug/CMakeFiles/3.9.6/CompilerIdCXX/a.exe"

Determining if the C compiler works passed with the following output:
Change Dir: C:/Users/emanu/Documents/School/UTD S20/Machine Learning/HW4/Machine-Learning-Homework4/Naive/cmake-build-debug/CMakeFiles/CMakeTmp

Run Build Command:"C:/PROGRA~1/MINGW-~1/X86_64~1.0-P/mingw64/bin/mingw32-make.exe" "cmTC_a6160/fast"
C:/PROGRA~1/MINGW-~1/X86_64~1.0-P/mingw64/bin/mingw32-make.exe -f CMakeFiles\cmTC_a6160.dir\build.make CMakeFiles/cmTC_a6160.dir/build
mingw32-make.exe[1]: Entering directory 'C:/Users/emanu/Documents/School/UTD S20/Machine Learning/HW4/Machine-Learning-Homework4/Naive/cmake-build-debug/CMakeFiles/CMakeTmp'
Building C object CMakeFiles/cmTC_a6160.dir/testCCompiler.c.obj
C:\PROGRA~1\MINGW-~1\X86_64~1.0-P\mingw64\bin\gcc.exe    -o CMakeFiles\cmTC_a6160.dir\testCCompiler.c.obj   -c "C:\Users\emanu\Documents\School\UTD S20\Machine Learning\HW4\Machine-Learning-Homework4\Naive\cmake-build-debug\CMakeFiles\CMakeTmp\testCCompiler.c"
Linking C executable cmTC_a6160.exe
"C:\Program Files\JetBrains\CLion 2017.3.4\bin\cmake\bin\cmake.exe" -E cmake_link_script CMakeFiles\cmTC_a6160.dir\link.txt --verbose=1
"C:\Program Files\JetBrains\CLion 2017.3.4\bin\cmake\bin\cmake.exe" -E remove -f CMakeFiles\cmTC_a6160.dir/objects.a
C:\PROGRA~1\MINGW-~1\X86_64~1.0-P\mingw64\bin\ar.exe cr CMakeFiles\cmTC_a6160.dir/objects.a @CMakeFiles\cmTC_a6160.dir\objects1.rsp
C:\PROGRA~1\MINGW-~1\X86_64~1.0-P\mingw64\bin\gcc.exe      -Wl,--whole-archive CMakeFiles\cmTC_a6160.dir/objects.a -Wl,--no-whole-archive  -o cmTC_a6160.exe -Wl,--out-implib,libcmTC_a6160.dll.a -Wl,--major-image-version,0,--minor-image-version,0 @CMakeFiles\cmTC_a6160.dir\linklibs.rsp
mingw32-make.exe[1]: Leaving directory 'C:/Users/emanu/Documents/School/UTD S20/Machine Learning/HW4/Machine-Learning-Homework4/Naive/cmake-build-debug/CMakeFiles/CMakeTmp'


